Info: Starting: Create simulation model
Info: qsys-generate C:\intelFPGA\17.1\hls\examples\image_downsample\a.prj\verification\tb.qsys --simulation=VERILOG --allow-mixed-language-simulation --output-directory=C:\intelFPGA\17.1\hls\examples\image_downsample\a.prj\verification\tb\simulation --family="Cyclone V" --part=5CEFA9F23I7
Progress: Loading verification/tb.qsys
Progress: Reading input file
Progress: Adding clock_reset_inst [hls_sim_clock_reset 1.0]
Progress: Parameterizing module clock_reset_inst
Progress: Adding component_dpi_controller_resize_inst [hls_sim_component_dpi_controller 1.0]
Progress: Parameterizing module component_dpi_controller_resize_inst
Progress: Adding concatenate_component_done_inst [avalon_concatenate_singlebit_conduits 1.0]
Progress: Parameterizing module concatenate_component_done_inst
Progress: Adding concatenate_component_wait_for_stream_writes_inst [avalon_concatenate_singlebit_conduits 1.0]
Progress: Parameterizing module concatenate_component_wait_for_stream_writes_inst
Progress: Adding main_dpi_controller_inst [hls_sim_main_dpi_controller 1.0]
Progress: Parameterizing module main_dpi_controller_inst
Progress: Adding resize_component_dpi_controller_bind_conduit_fanout_inst [avalon_conduit_fanout 1.0]
Progress: Parameterizing module resize_component_dpi_controller_bind_conduit_fanout_inst
Progress: Adding resize_component_dpi_controller_enable_conduit_fanout_inst [avalon_conduit_fanout 1.0]
Progress: Parameterizing module resize_component_dpi_controller_enable_conduit_fanout_inst
Progress: Adding resize_component_dpi_controller_implicit_ready_conduit_fanout_inst [avalon_conduit_fanout 1.0]
Progress: Parameterizing module resize_component_dpi_controller_implicit_ready_conduit_fanout_inst
Progress: Adding resize_component_dpi_controller_stream_active_concatenate_inst [avalon_concatenate_singlebit_conduits 1.0]
Progress: Parameterizing module resize_component_dpi_controller_stream_active_concatenate_inst
Progress: Adding resize_inst [resize 1.0]
Progress: Parameterizing module resize_inst
Progress: Adding split_component_start_inst [avalon_split_multibit_conduit 1.0]
Progress: Parameterizing module split_component_start_inst
Progress: Adding stream_sink_dpi_bfm_resize_resized_image_inst [hls_sim_stream_sink_dpi_bfm 1.0]
Progress: Parameterizing module stream_sink_dpi_bfm_resize_resized_image_inst
Progress: Adding stream_source_dpi_bfm_resize_cols_inst [hls_sim_stream_source_dpi_bfm 1.0]
Progress: Parameterizing module stream_source_dpi_bfm_resize_cols_inst
Progress: Adding stream_source_dpi_bfm_resize_original_image_inst [hls_sim_stream_source_dpi_bfm 1.0]
Progress: Parameterizing module stream_source_dpi_bfm_resize_original_image_inst
Progress: Adding stream_source_dpi_bfm_resize_ratio_inst [hls_sim_stream_source_dpi_bfm 1.0]
Progress: Parameterizing module stream_source_dpi_bfm_resize_ratio_inst
Progress: Adding stream_source_dpi_bfm_resize_rows_inst [hls_sim_stream_source_dpi_bfm 1.0]
Progress: Parameterizing module stream_source_dpi_bfm_resize_rows_inst
Progress: Building connections
Progress: Parameterizing connections
Progress: Validating
Progress: Done reading input file
Warning: tb.component_dpi_controller_resize_inst.dpi_control_slaves_ready: Interface has no signals
Warning: tb.component_dpi_controller_resize_inst.dpi_control_slaves_done: Interface has no signals
Warning: tb.component_dpi_controller_resize_inst: component_dpi_controller_resize_inst.dpi_control_slaves_ready must be exported, or connected to a matching conduit.
Warning: tb.component_dpi_controller_resize_inst: component_dpi_controller_resize_inst.dpi_control_slaves_done must be exported, or connected to a matching conduit.
Warning: tb.component_dpi_controller_resize_inst: component_dpi_controller_resize_inst.readback_from_slaves must be exported, or connected to a matching conduit.
Warning: tb.component_dpi_controller_resize_inst: component_dpi_controller_resize_inst.returndata must be exported, or connected to a matching conduit.
Warning: tb.stream_source_dpi_bfm_resize_cols_inst: stream_source_dpi_bfm_resize_cols_inst.source must be exported, or connected to a matching conduit.
Warning: tb.stream_source_dpi_bfm_resize_ratio_inst: stream_source_dpi_bfm_resize_ratio_inst.source must be exported, or connected to a matching conduit.
Warning: tb.stream_source_dpi_bfm_resize_rows_inst: stream_source_dpi_bfm_resize_rows_inst.source must be exported, or connected to a matching conduit.
Info: tb: Generating tb "tb" for SIM_VERILOG
Info: clock_reset_inst: "tb" instantiated hls_sim_clock_reset "clock_reset_inst"
Info: component_dpi_controller_resize_inst: "tb" instantiated hls_sim_component_dpi_controller "component_dpi_controller_resize_inst"
Info: concatenate_component_done_inst: "tb" instantiated avalon_concatenate_singlebit_conduits "concatenate_component_done_inst"
Info: main_dpi_controller_inst: "tb" instantiated hls_sim_main_dpi_controller "main_dpi_controller_inst"
Info: resize_component_dpi_controller_bind_conduit_fanout_inst: "tb" instantiated avalon_conduit_fanout "resize_component_dpi_controller_bind_conduit_fanout_inst"
Info: resize_component_dpi_controller_implicit_ready_conduit_fanout_inst: "tb" instantiated avalon_conduit_fanout "resize_component_dpi_controller_implicit_ready_conduit_fanout_inst"
Info: resize_inst: "tb" instantiated resize "resize_inst"
Info: split_component_start_inst: "tb" instantiated avalon_split_multibit_conduit "split_component_start_inst"
Info: stream_sink_dpi_bfm_resize_resized_image_inst: "tb" instantiated hls_sim_stream_sink_dpi_bfm "stream_sink_dpi_bfm_resize_resized_image_inst"
Info: Reusing file C:/intelFPGA/17.1/hls/examples/image_downsample/a.prj/verification/tb/simulation/submodules/hls_sim_stream_sink_dpi_bfm.sv
Info: stream_source_dpi_bfm_resize_cols_inst: "tb" instantiated hls_sim_stream_source_dpi_bfm "stream_source_dpi_bfm_resize_cols_inst"
Info: Reusing file C:/intelFPGA/17.1/hls/examples/image_downsample/a.prj/verification/tb/simulation/submodules/hls_sim_stream_source_dpi_bfm.sv
Info: irq_mapper: "tb" instantiated altera_irq_mapper "irq_mapper"
Info: resize_internal_inst: "resize_inst" instantiated resize_internal "resize_internal_inst"
Info: tb: Done "tb" with 13 modules, 167 files
Info: qsys-generate succeeded.
Info: Finished: Create simulation model
Info: Starting: Create Modelsim Project.
Info: sim-script-gen --spd=C:\intelFPGA\17.1\hls\examples\image_downsample\a.prj\verification\tb\tb.spd --output-directory=C:/intelFPGA/17.1/hls/examples/image_downsample/a.prj/verification/tb/simulation/ --use-relative-paths=true
Info: Doing: ip-make-simscript --spd=C:\intelFPGA\17.1\hls\examples\image_downsample\a.prj\verification\tb\tb.spd --output-directory=C:/intelFPGA/17.1/hls/examples/image_downsample/a.prj/verification/tb/simulation/ --use-relative-paths=true
Info: Generating the following file(s) for MODELSIM simulator in C:/intelFPGA/17.1/hls/examples/image_downsample/a.prj/verification/tb/simulation/ directory:
Info: 	mentor/msim_setup.tcl
Info: Skipping VCS script generation since VHDL file $QUARTUS_INSTALL_DIR/eda/sim_lib/altera_syn_attributes.vhd is required for simulation
Info: Generating the following file(s) for VCSMX simulator in C:/intelFPGA/17.1/hls/examples/image_downsample/a.prj/verification/tb/simulation/ directory:
Info: 	synopsys/vcsmx/synopsys_sim.setup
Info: 	synopsys/vcsmx/vcsmx_setup.sh
Info: Generating the following file(s) for NCSIM simulator in C:/intelFPGA/17.1/hls/examples/image_downsample/a.prj/verification/tb/simulation/ directory:
Info: 	cadence/cds.lib
Info: 	cadence/hdl.var
Info: 	cadence/ncsim_setup.sh
Info: 	12 .cds.lib files in cadence/cds_libs/ directory
Info: Generating the following file(s) for RIVIERA simulator in C:/intelFPGA/17.1/hls/examples/image_downsample/a.prj/verification/tb/simulation/ directory:
Info: 	aldec/rivierapro_setup.tcl
Info: For information on how to simulate your IP, see the explanatory comments in the simulator-specific subdirectories under C:/intelFPGA/17.1/hls/examples/image_downsample/a.prj/verification/tb/simulation/.
Info: Regenerate these scripts whenever you make any change to any Quartus-generated IP in your project.
Info: Finished: Create Modelsim Project.
